<?xml version="1.0" encoding="UTF-8"?>
<!-- Generated by org.testng.reporters.JUnitXMLReporter -->
<testsuite ignored="0" hostname="tathagatas-mbp.lan" failures="0" tests="3" name="Default test" time="28.843" errors="0" timestamp="13 Aug 2022 16:57:07 GMT">
  <testcase classname="webTestNG.SimplilearnLoginTest" name="PositiveTest" time="7.299"/>
  <testcase classname="webTestNG.SimplilearnLoginTest" name="negativeTest" time="7.388"/>
  <testcase classname="webTestNG.HomePageTest" name="Test1" time="0.002"/>
</testsuite> <!-- Default test -->
