<?xml version="1.0" encoding="UTF-8"?>
<!-- Generated by org.testng.reporters.JUnitXMLReporter -->
<testsuite ignored="0" hostname="tathagatas-mbp.lan" failures="0" tests="3" name="Test" time="32.666" errors="0" timestamp="13 Aug 2022 17:08:20 GMT">
  <testcase classname="webTestNG.SimplilearnLoginTest" name="PositiveTest" time="8.183"/>
  <testcase classname="webTestNG.SimplilearnLoginTest" name="negativeTest" time="7.082"/>
  <testcase classname="webTestNG.HomePageTest" name="Test1" time="0.002"/>
</testsuite> <!-- Test -->
