<?xml version="1.0" encoding="UTF-8"?>
<!-- Generated by org.testng.reporters.JUnitXMLReporter -->
<testsuite ignored="0" hostname="tathagatas-mbp.lan" failures="0" tests="3" name="Test" time="44.721" errors="0" timestamp="14 Aug 2022 14:33:04 GMT">
  <testcase classname="webTestNG.SimplilearnLoginTest" name="PositiveTest" time="9.179"/>
  <testcase classname="webTestNG.SimplilearnLoginTest" name="negativeTest" time="7.776"/>
  <testcase classname="webTestNG.HomePageTest" name="Test1" time="0.001"/>
</testsuite> <!-- Test -->
