<?xml version="1.0" encoding="UTF-8"?>
<testng-results ignored="0" total="3" passed="3" failed="0" skipped="0">
  <reporter-output>
  </reporter-output>
  <suite started-at="2022-08-14T14:32:19Z" name="Suite" finished-at="2022-08-14T14:33:04Z" duration-ms="44721">
    <groups>
    </groups>
    <test started-at="2022-08-14T14:32:19Z" name="Test" finished-at="2022-08-14T14:33:04Z" duration-ms="44721">
      <class name="webTestNG.SimplilearnLoginTest">
        <test-method is-config="true" signature="setUp()[pri:0, instance:webTestNG.SimplilearnLoginTest@62833051]" started-at="2022-08-14T14:32:19Z" name="setUp" finished-at="2022-08-14T14:32:32Z" duration-ms="12799" status="PASS">
          <reporter-output>
          </reporter-output>
        </test-method> <!-- setUp -->
        <test-method signature="PositiveTest()[pri:0, instance:webTestNG.SimplilearnLoginTest@62833051]" started-at="2022-08-14T14:32:32Z" name="PositiveTest" finished-at="2022-08-14T14:32:41Z" duration-ms="9179" status="PASS">
          <reporter-output>
          </reporter-output>
        </test-method> <!-- PositiveTest -->
        <test-method is-config="true" signature="tearDown()[pri:0, instance:webTestNG.SimplilearnLoginTest@62833051]" started-at="2022-08-14T14:32:41Z" name="tearDown" finished-at="2022-08-14T14:32:42Z" duration-ms="500" status="PASS">
          <reporter-output>
          </reporter-output>
        </test-method> <!-- tearDown -->
        <test-method is-config="true" signature="setUp()[pri:0, instance:webTestNG.SimplilearnLoginTest@62833051]" started-at="2022-08-14T14:32:42Z" name="setUp" finished-at="2022-08-14T14:32:48Z" duration-ms="6713" status="PASS">
          <reporter-output>
          </reporter-output>
        </test-method> <!-- setUp -->
        <test-method signature="negativeTest()[pri:0, instance:webTestNG.SimplilearnLoginTest@62833051]" started-at="2022-08-14T14:32:48Z" name="negativeTest" finished-at="2022-08-14T14:32:56Z" duration-ms="7776" status="PASS">
          <reporter-output>
          </reporter-output>
        </test-method> <!-- negativeTest -->
        <test-method is-config="true" signature="tearDown()[pri:0, instance:webTestNG.SimplilearnLoginTest@62833051]" started-at="2022-08-14T14:32:56Z" name="tearDown" finished-at="2022-08-14T14:32:56Z" duration-ms="387" status="PASS">
          <reporter-output>
          </reporter-output>
        </test-method> <!-- tearDown -->
      </class> <!-- webTestNG.SimplilearnLoginTest -->
      <class name="webTestNG.HomePageTest">
        <test-method is-config="true" signature="setUp()[pri:0, instance:webTestNG.HomePageTest@1c852c0f]" started-at="2022-08-14T14:32:56Z" name="setUp" finished-at="2022-08-14T14:33:03Z" duration-ms="6983" status="PASS">
          <reporter-output>
          </reporter-output>
        </test-method> <!-- setUp -->
        <test-method signature="Test1()[pri:0, instance:webTestNG.HomePageTest@1c852c0f]" started-at="2022-08-14T14:33:03Z" name="Test1" finished-at="2022-08-14T14:33:03Z" duration-ms="1" status="PASS">
          <reporter-output>
          </reporter-output>
        </test-method> <!-- Test1 -->
        <test-method is-config="true" signature="tearDown()[pri:0, instance:webTestNG.HomePageTest@1c852c0f]" started-at="2022-08-14T14:33:03Z" name="tearDown" finished-at="2022-08-14T14:33:04Z" duration-ms="333" status="PASS">
          <reporter-output>
          </reporter-output>
        </test-method> <!-- tearDown -->
      </class> <!-- webTestNG.HomePageTest -->
    </test> <!-- Test -->
  </suite> <!-- Suite -->
</testng-results>
