<?xml version="1.0" encoding="UTF-8"?>
<testng-results ignored="0" total="3" passed="3" failed="0" skipped="0">
  <reporter-output>
  </reporter-output>
  <suite started-at="2022-08-13T17:07:47Z" name="Suite" finished-at="2022-08-13T17:08:19Z" duration-ms="32666">
    <groups>
    </groups>
    <test started-at="2022-08-13T17:07:47Z" name="Test" finished-at="2022-08-13T17:08:19Z" duration-ms="32666">
      <class name="webTestNG.SimplilearnLoginTest">
        <test-method is-config="true" signature="setUp()[pri:0, instance:webTestNG.SimplilearnLoginTest@48f278eb]" started-at="2022-08-13T17:07:47Z" name="setUp" finished-at="2022-08-13T17:07:55Z" duration-ms="8210" status="PASS">
          <reporter-output>
          </reporter-output>
        </test-method> <!-- setUp -->
        <test-method signature="PositiveTest()[pri:0, instance:webTestNG.SimplilearnLoginTest@48f278eb]" started-at="2022-08-13T17:07:55Z" name="PositiveTest" finished-at="2022-08-13T17:08:03Z" duration-ms="8183" status="PASS">
          <reporter-output>
          </reporter-output>
        </test-method> <!-- PositiveTest -->
        <test-method is-config="true" signature="tearDown()[pri:0, instance:webTestNG.SimplilearnLoginTest@48f278eb]" started-at="2022-08-13T17:08:03Z" name="tearDown" finished-at="2022-08-13T17:08:03Z" duration-ms="221" status="PASS">
          <reporter-output>
          </reporter-output>
        </test-method> <!-- tearDown -->
        <test-method is-config="true" signature="setUp()[pri:0, instance:webTestNG.SimplilearnLoginTest@48f278eb]" started-at="2022-08-13T17:08:03Z" name="setUp" finished-at="2022-08-13T17:08:08Z" duration-ms="4663" status="PASS">
          <reporter-output>
          </reporter-output>
        </test-method> <!-- setUp -->
        <test-method signature="negativeTest()[pri:0, instance:webTestNG.SimplilearnLoginTest@48f278eb]" started-at="2022-08-13T17:08:08Z" name="negativeTest" finished-at="2022-08-13T17:08:15Z" duration-ms="7082" status="PASS">
          <reporter-output>
          </reporter-output>
        </test-method> <!-- negativeTest -->
        <test-method is-config="true" signature="tearDown()[pri:0, instance:webTestNG.SimplilearnLoginTest@48f278eb]" started-at="2022-08-13T17:08:15Z" name="tearDown" finished-at="2022-08-13T17:08:15Z" duration-ms="156" status="PASS">
          <reporter-output>
          </reporter-output>
        </test-method> <!-- tearDown -->
      </class> <!-- webTestNG.SimplilearnLoginTest -->
      <class name="webTestNG.HomePageTest">
        <test-method is-config="true" signature="setUp()[pri:0, instance:webTestNG.HomePageTest@2f217633]" started-at="2022-08-13T17:08:15Z" name="setUp" finished-at="2022-08-13T17:08:19Z" duration-ms="3876" status="PASS">
          <reporter-output>
          </reporter-output>
        </test-method> <!-- setUp -->
        <test-method signature="Test1()[pri:0, instance:webTestNG.HomePageTest@2f217633]" started-at="2022-08-13T17:08:19Z" name="Test1" finished-at="2022-08-13T17:08:19Z" duration-ms="2" status="PASS">
          <reporter-output>
          </reporter-output>
        </test-method> <!-- Test1 -->
        <test-method is-config="true" signature="tearDown()[pri:0, instance:webTestNG.HomePageTest@2f217633]" started-at="2022-08-13T17:08:19Z" name="tearDown" finished-at="2022-08-13T17:08:19Z" duration-ms="222" status="PASS">
          <reporter-output>
          </reporter-output>
        </test-method> <!-- tearDown -->
      </class> <!-- webTestNG.HomePageTest -->
    </test> <!-- Test -->
  </suite> <!-- Suite -->
</testng-results>
